TN:
SF:src/application/_shared/pagination-output.ts
FN:12,toOutput
FNF:1
FNH:1
FNDA:3,toOutput
DA:1,1
DA:2,1
DA:3,1
DA:4,1
DA:5,1
DA:6,1
DA:7,1
DA:8,1
DA:9,1
DA:10,1
DA:11,1
DA:12,1
DA:13,3
DA:14,3
DA:15,3
DA:16,3
DA:17,3
DA:18,3
DA:19,3
DA:20,3
DA:21,3
DA:22,3
DA:23,3
DA:24,1
LF:24
LH:24
BRDA:12,0,0,3
BRF:1
BRH:1
end_of_record
TN:
SF:src/application/use-cases/dto/create-user.input.ts
FNF:0
FNH:0
DA:1,1
DA:2,1
DA:3,1
DA:4,1
DA:5,1
DA:6,1
DA:7,1
DA:8,1
DA:9,1
DA:10,1
LF:10
LH:10
BRF:0
BRH:0
end_of_record
TN:
SF:src/application/use-cases/dto/search-user.input.ts
FNF:0
FNH:0
DA:1,1
DA:2,1
DA:3,1
DA:4,1
DA:5,1
DA:6,1
DA:7,1
DA:8,1
DA:9,1
DA:10,1
DA:11,1
LF:11
LH:11
BRF:0
BRH:0
end_of_record
TN:
SF:src/application/use-cases/dto/user-output.ts
FN:13,toOutput
FNF:1
FNH:1
FNDA:11,toOutput
DA:1,1
DA:2,1
DA:3,1
DA:4,1
DA:5,1
DA:6,1
DA:7,1
DA:8,1
DA:9,1
DA:10,1
DA:11,1
DA:12,1
DA:13,1
DA:14,11
DA:15,11
DA:16,11
DA:17,11
DA:18,11
DA:19,11
DA:20,11
DA:21,11
DA:22,11
DA:23,1
LF:23
LH:23
BRDA:13,0,0,11
BRF:1
BRH:1
end_of_record
TN:
SF:src/application/use-cases/users/create-user.use-case.ts
FN:9,<instance_members_initializer>
FN:12,CreateUserUseCase
FN:14,execute
FNF:3
FNH:3
FNDA:4,<instance_members_initializer>
FNDA:4,CreateUserUseCase
FNDA:4,execute
DA:1,1
DA:2,1
DA:3,1
DA:4,1
DA:5,1
DA:6,1
DA:7,1
DA:8,1
DA:9,1
DA:10,4
DA:11,4
DA:12,4
DA:13,4
DA:14,4
DA:15,4
DA:16,4
DA:17,4
DA:18,4
DA:19,4
DA:20,1
DA:21,1
DA:22,3
DA:23,3
DA:24,3
DA:25,4
DA:26,1
DA:27,1
DA:28,2
DA:29,2
DA:30,1
DA:31,1
DA:32,1
DA:33,1
DA:34,4
DA:35,1
DA:36,1
LF:36
LH:36
BRDA:9,0,0,4
BRDA:12,1,0,4
BRDA:14,2,0,4
BRDA:19,3,0,1
BRDA:21,4,0,3
BRDA:25,5,0,2
BRDA:25,6,0,1
BRDA:29,7,0,1
BRF:8
BRH:8
end_of_record
TN:
SF:src/application/use-cases/users/delete-user.use-case.ts
FN:6,<instance_members_initializer>
FN:9,DeleteUserUseCase
FN:11,execute
FNF:3
FNH:3
FNDA:4,<instance_members_initializer>
FNDA:4,DeleteUserUseCase
FNDA:3,execute
DA:1,1
DA:2,1
DA:3,1
DA:4,1
DA:5,1
DA:6,1
DA:7,4
DA:8,4
DA:9,4
DA:10,4
DA:11,4
DA:12,3
DA:13,3
DA:14,2
DA:15,4
DA:16,1
DA:17,1
LF:17
LH:17
BRDA:6,0,0,4
BRDA:9,1,0,4
BRDA:11,2,0,3
BRDA:13,3,0,2
BRF:4
BRH:4
end_of_record
TN:
SF:src/application/use-cases/users/list-users.use-case.ts
FN:5,<instance_members_initializer>
FN:6,ListUsersUseCase
FN:8,execute
FNF:3
FNH:3
FNDA:3,<instance_members_initializer>
FNDA:3,ListUsersUseCase
FNDA:2,execute
DA:1,1
DA:2,1
DA:3,1
DA:4,1
DA:5,1
DA:6,3
DA:7,3
DA:8,3
DA:9,2
DA:10,2
DA:11,2
DA:12,3
LF:12
LH:12
BRDA:5,0,0,3
BRDA:6,1,0,3
BRDA:8,2,0,2
BRDA:10,3,0,2
BRF:4
BRH:4
end_of_record
TN:
SF:src/application/use-cases/users/search-users.use-case.ts
FN:14,<instance_members_initializer>
FN:17,SearchUsersUseCase
FN:19,execute
FN:25,toOutput
FNF:4
FNH:4
FNDA:3,<instance_members_initializer>
FNDA:3,SearchUsersUseCase
FNDA:2,execute
FNDA:2,toOutput
DA:1,1
DA:2,1
DA:3,1
DA:4,1
DA:5,1
DA:6,1
DA:7,1
DA:8,1
DA:9,1
DA:10,1
DA:11,1
DA:12,1
DA:13,1
DA:14,1
DA:15,3
DA:16,3
DA:17,3
DA:18,3
DA:19,3
DA:20,2
DA:21,2
DA:22,2
DA:23,2
DA:24,3
DA:25,3
DA:26,2
DA:27,2
DA:28,2
DA:29,3
DA:30,1
DA:31,1
LF:31
LH:31
BRDA:14,0,0,3
BRDA:17,1,0,3
BRDA:19,2,0,2
BRDA:25,3,0,2
BRDA:26,4,0,1
BRF:5
BRH:5
end_of_record
TN:
SF:src/application/use-cases/users/update-user.use-case.ts
FN:10,<instance_members_initializer>
FN:13,UpdateUserUseCase
FN:15,execute
FNF:3
FNH:3
FNDA:7,<instance_members_initializer>
FNDA:7,UpdateUserUseCase
FNDA:6,execute
DA:1,1
DA:2,1
DA:3,1
DA:4,1
DA:5,1
DA:6,1
DA:7,1
DA:8,1
DA:9,1
DA:10,1
DA:11,7
DA:12,7
DA:13,7
DA:14,7
DA:15,7
DA:16,6
DA:17,6
DA:18,6
DA:19,6
DA:20,1
DA:21,1
DA:22,5
DA:23,6
DA:24,1
DA:25,1
DA:26,1
DA:27,1
DA:28,1
DA:29,1
DA:30,1
DA:31,1
DA:32,1
DA:33,1
DA:34,1
DA:35,4
DA:36,6
DA:37,2
DA:38,2
DA:39,4
DA:40,6
DA:41,1
DA:42,1
DA:43,4
DA:44,6
DA:45,1
DA:46,1
DA:47,4
DA:48,6
DA:49,1
DA:50,1
DA:51,4
DA:52,6
DA:53,1
DA:54,1
DA:55,3
DA:56,3
DA:57,3
DA:58,3
DA:59,3
DA:60,7
DA:61,1
DA:62,1
LF:62
LH:62
BRDA:10,0,0,7
BRDA:13,1,0,7
BRDA:15,2,0,6
BRDA:19,3,0,1
BRDA:21,4,0,5
BRDA:23,5,0,1
BRDA:34,6,0,4
BRDA:36,7,0,2
BRDA:38,8,0,4
BRDA:40,9,0,1
BRDA:42,10,0,4
BRDA:44,11,0,1
BRDA:46,12,0,4
BRDA:48,13,0,1
BRDA:50,14,0,4
BRDA:52,15,0,1
BRDA:54,16,0,3
BRF:17
BRH:17
end_of_record
TN:
SF:src/domain/_shared/entity.ts
FN:4,<instance_members_initializer>
FNF:1
FNH:1
FNDA:87,<instance_members_initializer>
DA:1,1
DA:2,1
DA:3,1
DA:4,1
DA:5,87
DA:6,87
DA:7,87
DA:8,87
LF:8
LH:8
BRDA:4,0,0,87
BRF:1
BRH:1
end_of_record
TN:
SF:src/domain/_shared/value-object.ts
FN:4,equals
FNF:1
FNH:1
FNDA:14,equals
DA:1,1
DA:2,1
DA:3,1
DA:4,1
DA:5,14
DA:6,2
DA:7,2
DA:8,12
DA:9,14
DA:10,5
DA:11,5
DA:12,7
DA:13,7
DA:14,7
DA:15,1
LF:15
LH:15
BRDA:4,0,0,14
BRDA:5,1,0,13
BRDA:5,2,0,2
BRDA:7,3,0,12
BRDA:9,4,0,5
BRDA:11,5,0,7
BRF:6
BRH:6
end_of_record
TN:
SF:src/domain/_shared/errors/app.error.ts
FN:1,<instance_members_initializer>
FN:2,AppError
FNF:2
FNH:2
FNDA:7,<instance_members_initializer>
FNDA:7,AppError
DA:1,1
DA:2,7
DA:3,7
DA:4,7
DA:5,7
DA:6,7
DA:7,7
DA:8,7
DA:9,7
DA:10,7
LF:10
LH:10
BRDA:1,0,0,7
BRDA:2,1,0,7
BRF:2
BRH:2
end_of_record
TN:
SF:src/domain/_shared/errors/email-already-in-use.error.ts
FN:4,EmailAlreadyInUseError
FNF:1
FNH:1
FNDA:3,EmailAlreadyInUseError
DA:1,1
DA:2,1
DA:3,1
DA:4,1
DA:5,3
DA:6,3
DA:7,3
DA:8,3
DA:9,1
LF:9
LH:9
BRDA:4,0,0,3
BRF:1
BRH:1
end_of_record
TN:
SF:src/domain/_shared/errors/not-found.error.ts
FN:4,NotFoundError
FNF:1
FNH:1
FNDA:11,NotFoundError
DA:1,1
DA:2,1
DA:3,1
DA:4,1
DA:5,11
DA:6,11
DA:7,11
DA:8,11
DA:9,1
LF:9
LH:9
BRDA:4,0,0,11
BRDA:5,1,0,2
BRDA:5,2,0,9
BRF:3
BRH:3
end_of_record
TN:
SF:src/domain/_shared/repository/search-params.ts
FN:13,<instance_members_initializer>
FN:20,SearchParams
FN:65,with
FNF:3
FNH:3
FNDA:37,<instance_members_initializer>
FNDA:37,SearchParams
FNDA:2,with
DA:1,1
DA:2,1
DA:3,1
DA:4,1
DA:5,1
DA:6,1
DA:7,1
DA:8,1
DA:9,1
DA:10,1
DA:11,1
DA:12,1
DA:13,1
DA:14,37
DA:15,37
DA:16,37
DA:17,37
DA:18,37
DA:19,37
DA:20,37
DA:21,37
DA:22,37
DA:23,37
DA:24,37
DA:25,37
DA:26,37
DA:27,29
DA:28,8
DA:29,37
DA:30,37
DA:31,37
DA:32,37
DA:33,37
DA:34,14
DA:35,10
DA:36,28
DA:37,9
DA:38,37
DA:39,37
DA:40,37
DA:41,37
DA:42,25
DA:43,37
DA:44,37
DA:45,37
DA:46,37
DA:47,37
DA:48,25
DA:49,36
DA:50,12
DA:51,12
DA:52,12
DA:53,12
DA:54,37
DA:55,37
DA:56,37
DA:57,37
DA:58,35
DA:59,8
DA:60,30
DA:61,37
DA:62,37
DA:63,37
DA:64,37
DA:65,37
DA:66,2
DA:67,2
DA:68,2
DA:69,2
DA:70,2
DA:71,2
DA:72,2
DA:73,2
DA:74,2
DA:75,2
DA:76,37
LF:76
LH:76
BRDA:13,0,0,37
BRDA:20,1,0,37
BRDA:26,2,0,13
BRDA:26,3,0,9
BRDA:26,4,0,29
BRDA:27,5,0,8
BRDA:31,6,0,1
BRDA:31,7,0,36
BRDA:33,8,0,14
BRDA:34,9,0,10
BRDA:35,10,0,28
BRDA:36,11,0,9
BRDA:41,12,0,36
BRDA:41,13,0,13
BRDA:41,14,0,25
BRDA:42,15,0,12
BRDA:47,16,0,36
BRDA:47,17,0,25
BRDA:49,18,0,12
BRDA:52,19,0,7
BRDA:52,20,0,4
BRDA:52,21,0,8
BRDA:57,22,0,35
BRDA:58,23,0,8
BRDA:59,24,0,30
BRDA:60,25,0,7
BRDA:65,26,0,2
BRDA:69,27,0,1
BRDA:73,28,0,1
BRF:29
BRH:29
end_of_record
TN:
SF:src/domain/_shared/repository/search-results.ts
FN:11,<instance_members_initializer>
FN:18,SearchResult
FN:36,toJSON
FN:47,empty
FNF:4
FNH:4
FNDA:13,<instance_members_initializer>
FNDA:13,SearchResult
FNDA:4,toJSON
FNDA:1,empty
DA:1,1
DA:2,1
DA:3,1
DA:4,1
DA:5,1
DA:6,1
DA:7,1
DA:8,1
DA:9,1
DA:10,1
DA:11,1
DA:12,13
DA:13,13
DA:14,13
DA:15,13
DA:16,13
DA:17,13
DA:18,13
DA:19,13
DA:20,13
DA:21,13
DA:22,13
DA:23,13
DA:24,13
DA:25,13
DA:26,13
DA:27,13
DA:28,13
DA:29,13
DA:30,13
DA:31,13
DA:32,13
DA:33,13
DA:34,13
DA:35,13
DA:36,13
DA:37,4
DA:38,4
DA:39,4
DA:40,4
DA:41,4
DA:42,4
DA:43,4
DA:44,4
DA:45,13
DA:46,13
DA:47,13
DA:48,1
DA:49,1
DA:50,1
DA:51,1
DA:52,1
DA:53,1
DA:54,1
DA:55,13
LF:55
LH:55
BRDA:11,0,0,13
BRDA:18,1,0,13
BRDA:26,2,0,1
BRDA:27,3,0,2
BRDA:36,4,0,4
BRDA:38,5,0,2
BRDA:38,6,0,2
BRDA:38,7,0,1
BRDA:47,8,0,1
BRF:9
BRH:9
end_of_record
TN:
SF:src/domain/_shared/validators/notification.ts
FN:1,<instance_members_initializer>
FN:4,addError
FN:16,setError
FN:30,getErrors
FN:45,hasErrors
FN:49,copyErrors
FN:56,errorsAsObject
FN:68,toJSON
FNF:8
FNH:8
FNDA:92,<instance_members_initializer>
FNDA:46,addError
FNDA:30,setError
FNDA:18,getErrors
FNDA:25,hasErrors
FNDA:7,copyErrors
FNDA:44,errorsAsObject
FNDA:5,toJSON
DA:1,1
DA:2,92
DA:3,92
DA:4,92
DA:5,46
DA:6,46
DA:7,46
DA:8,46
DA:9,46
DA:10,46
DA:11,46
DA:12,0
DA:13,0
DA:14,46
DA:15,92
DA:16,92
DA:17,30
DA:18,20
DA:19,30
DA:20,10
DA:21,5
DA:22,6
DA:23,6
DA:24,5
DA:25,5
DA:26,5
DA:27,5
DA:28,30
DA:29,92
DA:30,92
DA:31,18
DA:32,18
DA:33,18
DA:34,0
DA:35,0
DA:36,26
DA:37,18
DA:38,26
DA:39,8
DA:40,8
DA:41,26
DA:42,0
DA:43,0
DA:44,92
DA:45,92
DA:46,25
DA:47,25
DA:48,92
DA:49,92
DA:50,7
DA:51,8
DA:52,8
DA:53,7
DA:54,92
DA:55,92
DA:56,92
DA:57,44
DA:58,44
DA:59,46
DA:60,0
DA:61,46
DA:62,46
DA:63,46
DA:64,46
DA:65,44
DA:66,44
DA:67,92
DA:68,92
DA:69,5
DA:70,5
DA:71,6
DA:72,3
DA:73,3
DA:74,3
DA:75,3
DA:76,6
DA:77,5
DA:78,5
DA:79,92
LF:79
LH:72
BRDA:1,0,0,92
BRDA:4,1,0,46
BRDA:11,2,0,0
BRDA:16,3,0,30
BRDA:17,4,0,20
BRDA:18,5,0,10
BRDA:18,6,0,10
BRDA:19,7,0,10
BRDA:20,8,0,5
BRDA:21,9,0,6
BRDA:30,10,0,18
BRDA:32,11,0,2
BRDA:33,12,0,0
BRDA:35,13,0,26
BRDA:36,14,0,18
BRDA:38,15,0,8
BRDA:45,16,0,25
BRDA:49,17,0,7
BRDA:50,18,0,8
BRDA:56,19,0,44
BRDA:58,20,0,46
BRDA:59,21,0,0
BRDA:68,22,0,5
BRDA:70,23,0,6
BRDA:71,24,0,3
BRF:25
BRH:22
end_of_record
TN:
SF:src/domain/_shared/validators/validation.error.ts
FN:5,<instance_members_initializer>
FN:6,EntityValidationError
FN:13,count
FNF:3
FNH:3
FNDA:6,<instance_members_initializer>
FNDA:6,EntityValidationError
FNDA:2,count
DA:1,1
DA:2,1
DA:3,1
DA:4,1
DA:5,1
DA:6,6
DA:7,6
DA:8,6
DA:9,6
DA:10,6
DA:11,6
DA:12,6
DA:13,6
DA:14,2
DA:15,2
DA:16,6
LF:16
LH:16
BRDA:5,0,0,6
BRDA:6,1,0,6
BRDA:13,2,0,2
BRF:3
BRH:3
end_of_record
TN:
SF:src/domain/_shared/validators/zod-to-notification.helper.ts
FN:4,addZodErrorsToNotification
FNF:1
FNH:1
FNDA:41,addZodErrorsToNotification
DA:1,1
DA:2,1
DA:3,1
DA:4,1
DA:5,41
DA:6,41
DA:7,41
DA:8,41
DA:9,41
DA:10,41
DA:11,41
DA:12,41
DA:13,41
DA:14,0
DA:15,41
DA:16,41
DA:17,41
DA:18,41
LF:18
LH:17
BRDA:4,0,0,41
BRDA:9,1,0,0
BRDA:13,2,0,0
BRF:3
BRH:1
end_of_record
TN:
SF:src/domain/_shared/validators/zod-validator-fields.ts
FN:6,<instance_members_initializer>
FN:10,validate
FN:32,get errors
FNF:3
FNH:3
FNDA:56,<instance_members_initializer>
FNDA:57,validate
FNDA:12,get errors
DA:1,1
DA:2,1
DA:3,1
DA:4,1
DA:5,1
DA:6,1
DA:7,56
DA:8,56
DA:9,56
DA:10,56
DA:11,57
DA:12,57
DA:13,57
DA:14,57
DA:15,57
DA:16,57
DA:17,3
DA:18,57
DA:19,57
DA:20,57
DA:21,57
DA:22,57
DA:23,8
DA:24,8
DA:25,8
DA:26,8
DA:27,49
DA:28,49
DA:29,49
DA:30,49
DA:31,56
DA:32,56
DA:33,12
DA:34,12
DA:35,56
LF:35
LH:35
BRDA:6,0,0,56
BRDA:10,1,0,57
BRDA:17,2,0,3
BRDA:17,3,0,54
BRDA:22,4,0,8
BRDA:26,5,0,49
BRDA:17,6,0,3
BRDA:32,7,0,12
BRF:8
BRH:8
end_of_record
TN:
SF:src/domain/_shared/value-objects/uuid.vo.ts
FN:4,<instance_members_initializer>
FN:7,Uuid
FN:13,validateUuid
FN:21,toString
FN:27,InvalidUuidError
FNF:5
FNH:5
FNDA:48,<instance_members_initializer>
FNDA:48,Uuid
FNDA:48,validateUuid
FNDA:13,toString
FNDA:1,InvalidUuidError
DA:1,1
DA:2,1
DA:3,1
DA:4,1
DA:5,48
DA:6,48
DA:7,48
DA:8,48
DA:9,48
DA:10,48
DA:11,48
DA:12,48
DA:13,48
DA:14,48
DA:15,48
DA:16,1
DA:17,1
DA:18,47
DA:19,47
DA:20,48
DA:21,48
DA:22,13
DA:23,13
DA:24,48
DA:25,1
DA:26,1
DA:27,1
DA:28,1
DA:29,1
DA:30,1
DA:31,1
LF:31
LH:31
BRDA:4,0,0,48
BRDA:7,1,0,48
BRDA:9,2,0,42
BRDA:13,3,0,48
BRDA:15,4,0,1
BRDA:17,5,0,47
BRDA:21,6,0,13
BRDA:27,7,0,1
BRDA:28,8,0,0
BRF:9
BRH:8
end_of_record
TN:
SF:src/domain/user/user-fake-builder.ts
FN:7,<instance_members_initializer>
FN:9,_username
FN:10,_email
FN:11,_password
FN:13,_is_active
FN:20,UserFakeBuilder
FN:25,withUserId
FN:30,withUsername
FN:35,withEmail
FN:40,withPassword
FN:45,activate
FN:50,deactivate
FN:55,withCreatedAt
FN:60,withUpdatedAt
FN:65,withInvalidNameTooShort
FN:70,withInvalidNameTooLong
FN:75,aUser
FN:79,theUsers
FN:83,build
FN:108,get userId
FN:112,get username
FN:116,get email
FN:120,get password
FN:124,get isActive
FN:128,get created_at
FN:132,get updated_at
FN:136,getValue
FN:147,callFactory
FNF:28
FNH:28
FNDA:31,<instance_members_initializer>
FNDA:32,_username
FNDA:32,_email
FNDA:31,_password
FNDA:38,_is_active
FNDA:31,UserFakeBuilder
FNDA:6,withUserId
FNDA:9,withUsername
FNDA:9,withEmail
FNDA:10,withPassword
FNDA:3,activate
FNDA:1,deactivate
FNDA:6,withCreatedAt
FNDA:6,withUpdatedAt
FNDA:2,withInvalidNameTooShort
FNDA:2,withInvalidNameTooLong
FNDA:22,aUser
FNDA:9,theUsers
FNDA:30,build
FNDA:3,get userId
FNDA:2,get username
FNDA:3,get email
FNDA:2,get password
FNDA:2,get isActive
FNDA:3,get created_at
FNDA:3,get updated_at
FNDA:18,getValue
FNDA:201,callFactory
DA:1,1
DA:2,1
DA:3,1
DA:4,1
DA:5,1
DA:6,1
DA:7,1
DA:8,31
DA:9,31
DA:10,31
DA:11,31
DA:12,31
DA:13,31
DA:14,31
DA:15,31
DA:16,31
DA:17,31
DA:18,31
DA:19,31
DA:20,31
DA:21,31
DA:22,31
DA:23,31
DA:24,31
DA:25,31
DA:26,6
DA:27,6
DA:28,6
DA:29,31
DA:30,31
DA:31,9
DA:32,9
DA:33,9
DA:34,31
DA:35,31
DA:36,9
DA:37,9
DA:38,9
DA:39,31
DA:40,31
DA:41,10
DA:42,10
DA:43,10
DA:44,31
DA:45,31
DA:46,3
DA:47,3
DA:48,3
DA:49,31
DA:50,31
DA:51,1
DA:52,1
DA:53,1
DA:54,31
DA:55,31
DA:56,6
DA:57,6
DA:58,6
DA:59,31
DA:60,31
DA:61,6
DA:62,6
DA:63,6
DA:64,31
DA:65,31
DA:66,2
DA:67,2
DA:68,2
DA:69,31
DA:70,31
DA:71,2
DA:72,2
DA:73,2
DA:74,31
DA:75,31
DA:76,22
DA:77,22
DA:78,31
DA:79,31
DA:80,9
DA:81,9
DA:82,31
DA:83,31
DA:84,30
DA:85,30
DA:86,30
DA:87,41
DA:88,41
DA:89,31
DA:90,10
DA:91,41
DA:92,41
DA:93,41
DA:94,41
DA:95,41
DA:96,6
DA:97,41
DA:98,41
DA:99,6
DA:100,41
DA:101,41
DA:102,41
DA:103,41
DA:104,30
DA:105,30
DA:106,30
DA:107,31
DA:108,31
DA:109,3
DA:110,3
DA:111,31
DA:112,31
DA:113,2
DA:114,2
DA:115,31
DA:116,31
DA:117,3
DA:118,3
DA:119,31
DA:120,31
DA:121,2
DA:122,2
DA:123,31
DA:124,31
DA:125,2
DA:126,2
DA:127,31
DA:128,31
DA:129,3
DA:130,3
DA:131,31
DA:132,31
DA:133,3
DA:134,3
DA:135,31
DA:136,31
DA:137,18
DA:138,18
DA:139,18
DA:140,3
DA:141,3
DA:142,3
DA:143,3
DA:144,15
DA:145,15
DA:146,31
DA:147,31
DA:148,201
DA:149,161
DA:150,40
DA:151,201
DA:152,31
LF:152
LH:152
BRDA:7,0,0,31
BRDA:9,1,0,32
BRDA:10,2,0,32
BRDA:11,3,0,31
BRDA:13,4,0,38
BRDA:20,5,0,31
BRDA:25,6,0,6
BRDA:30,7,0,9
BRDA:35,8,0,9
BRDA:40,9,0,10
BRDA:45,10,0,3
BRDA:50,11,0,1
BRDA:55,12,0,6
BRDA:60,13,0,6
BRDA:65,14,0,2
BRDA:66,15,0,1
BRDA:70,16,0,2
BRDA:71,17,0,1
BRDA:75,18,0,22
BRDA:79,19,0,9
BRDA:83,20,0,30
BRDA:105,21,0,20
BRDA:105,22,0,10
BRDA:86,23,0,41
BRDA:89,24,0,31
BRDA:89,25,0,10
BRDA:95,26,0,6
BRDA:98,27,0,6
BRDA:108,28,0,3
BRDA:112,29,0,2
BRDA:116,30,0,3
BRDA:120,31,0,2
BRDA:124,32,0,2
BRDA:128,33,0,3
BRDA:132,34,0,3
BRDA:136,35,0,18
BRDA:139,36,0,9
BRDA:139,37,0,3
BRDA:143,38,0,15
BRDA:147,39,0,201
BRDA:148,40,0,161
BRDA:149,41,0,40
BRF:42
BRH:42
end_of_record
TN:
SF:src/domain/user/user.entity.ts
FN:37,<instance_members_initializer>
FN:46,UserEntity
FN:58,get entity_id
FN:62,get user_id
FN:66,get username
FN:70,get email
FN:74,get password
FN:78,get is_active
FN:82,get created_at
FN:86,get updated_at
FN:91,create
FN:98,changeUsername
FN:104,changeEmail
FN:110,changePassword
FN:116,deactivate
FN:121,activate
FN:126,touch
FN:131,validate
FN:137,toJSON
FNF:19
FNH:19
FNDA:48,<instance_members_initializer>
FNDA:48,UserEntity
FNDA:12,get entity_id
FNDA:58,get user_id
FNDA:64,get username
FNDA:65,get email
FNDA:64,get password
FNDA:61,get is_active
FNDA:64,get created_at
FNDA:64,get updated_at
FNDA:18,create
FNDA:4,changeUsername
FNDA:1,changeEmail
FNDA:2,changePassword
FNDA:3,deactivate
FNDA:2,activate
FNDA:12,touch
FNDA:49,validate
FNDA:1,toJSON
DA:1,1
DA:2,1
DA:3,1
DA:4,1
DA:5,1
DA:6,1
DA:7,1
DA:8,1
DA:9,1
DA:10,1
DA:11,1
DA:12,1
DA:13,1
DA:14,1
DA:15,1
DA:16,1
DA:17,1
DA:18,1
DA:19,1
DA:20,1
DA:21,1
DA:22,1
DA:23,1
DA:24,1
DA:25,1
DA:26,1
DA:27,1
DA:28,1
DA:29,1
DA:30,1
DA:31,1
DA:32,1
DA:33,1
DA:34,1
DA:35,1
DA:36,1
DA:37,1
DA:38,48
DA:39,48
DA:40,48
DA:41,48
DA:42,48
DA:43,48
DA:44,48
DA:45,48
DA:46,48
DA:47,48
DA:48,48
DA:49,48
DA:50,48
DA:51,48
DA:52,48
DA:53,48
DA:54,48
DA:55,48
DA:56,48
DA:57,48
DA:58,48
DA:59,12
DA:60,12
DA:61,48
DA:62,48
DA:63,58
DA:64,58
DA:65,48
DA:66,48
DA:67,64
DA:68,64
DA:69,48
DA:70,48
DA:71,65
DA:72,65
DA:73,48
DA:74,48
DA:75,64
DA:76,64
DA:77,48
DA:78,48
DA:79,61
DA:80,61
DA:81,48
DA:82,48
DA:83,64
DA:84,64
DA:85,48
DA:86,48
DA:87,64
DA:88,64
DA:89,48
DA:90,48
DA:91,48
DA:92,18
DA:93,18
DA:94,18
DA:95,18
DA:96,48
DA:97,48
DA:98,48
DA:99,4
DA:100,4
DA:101,4
DA:102,4
DA:103,48
DA:104,48
DA:105,1
DA:106,1
DA:107,1
DA:108,1
DA:109,48
DA:110,48
DA:111,2
DA:112,2
DA:113,2
DA:114,2
DA:115,48
DA:116,48
DA:117,3
DA:118,3
DA:119,3
DA:120,48
DA:121,48
DA:122,2
DA:123,2
DA:124,2
DA:125,48
DA:126,48
DA:127,12
DA:128,12
DA:129,48
DA:130,48
DA:131,48
DA:132,49
DA:133,49
DA:134,49
DA:135,49
DA:136,48
DA:137,48
DA:138,1
DA:139,1
DA:140,1
DA:141,1
DA:142,1
DA:143,1
DA:144,1
DA:145,1
DA:146,1
DA:147,1
DA:148,48
LF:148
LH:148
BRDA:37,0,0,48
BRDA:46,1,0,48
BRDA:48,2,0,34
BRDA:52,3,0,0
BRDA:53,4,0,37
BRDA:54,5,0,37
BRDA:58,6,0,12
BRDA:62,7,0,58
BRDA:66,8,0,64
BRDA:70,9,0,65
BRDA:74,10,0,64
BRDA:78,11,0,61
BRDA:82,12,0,64
BRDA:86,13,0,64
BRDA:91,14,0,18
BRDA:98,15,0,4
BRDA:104,16,0,1
BRDA:110,17,0,2
BRDA:116,18,0,3
BRDA:121,19,0,2
BRDA:126,20,0,12
BRDA:131,21,0,49
BRDA:137,22,0,1
BRF:23
BRH:22
end_of_record
TN:
SF:src/domain/user/user.repository.ts
FNF:0
FNH:0
DA:1,1
DA:2,1
DA:3,1
DA:4,1
DA:5,1
DA:6,1
DA:7,1
DA:8,1
DA:9,1
DA:10,1
DA:11,1
DA:12,1
DA:13,1
DA:14,1
DA:15,1
DA:16,1
DA:17,1
DA:18,1
DA:19,1
DA:20,1
DA:21,1
DA:22,1
LF:22
LH:22
BRF:0
BRH:0
end_of_record
TN:
SF:src/domain/user/user.validator.ts
FN:5,<instance_members_initializer>
FN:10,create
FNF:2
FNH:2
FNDA:49,<instance_members_initializer>
FNDA:49,create
DA:1,1
DA:2,1
DA:3,1
DA:4,1
DA:5,1
DA:6,49
DA:7,49
DA:8,1
DA:9,1
DA:10,1
DA:11,49
DA:12,49
DA:13,1
LF:13
LH:13
BRDA:5,0,0,49
BRDA:10,1,0,49
BRF:2
BRH:2
end_of_record
TN:
SF:src/domain/user/services/validate-unique-email.service.ts
FN:4,<instance_members_initializer>
FN:5,ValidateUniqueEmailService
FN:7,validate
FNF:3
FNH:3
FNDA:2,<instance_members_initializer>
FNDA:2,ValidateUniqueEmailService
FNDA:2,validate
DA:1,1
DA:2,1
DA:3,1
DA:4,1
DA:5,2
DA:6,2
DA:7,2
DA:8,2
DA:9,2
DA:10,1
DA:11,1
DA:12,2
DA:13,2
LF:13
LH:13
BRDA:4,0,0,2
BRDA:5,1,0,2
BRDA:7,2,0,2
BRDA:9,3,0,1
BRF:4
BRH:4
end_of_record
TN:
SF:src/infrastructure/database/init-models.ts
FN:4,initAllModels
FNF:1
FNH:1
FNDA:1,initAllModels
DA:1,1
DA:2,1
DA:3,1
DA:4,1
DA:5,1
DA:6,1
DA:7,1
DA:8,1
LF:8
LH:8
BRDA:4,0,0,1
BRF:1
BRH:1
end_of_record
TN:
SF:src/infrastructure/repositories/in-memory.repository.ts
FN:14,<instance_members_initializer>
FN:21,insert
FN:24,bulkInsert
FN:28,update
FN:38,delete
FN:48,findById
FN:53,findAll
FN:64,<instance_members_initializer>
FN:68,search
FN:93,applyPaginate
FN:103,applySort
FNF:11
FNH:11
FNDA:26,<instance_members_initializer>
FNDA:4,insert
FNDA:10,bulkInsert
FNDA:2,update
FNDA:2,delete
FNDA:2,findById
FNDA:1,findAll
FNDA:18,<instance_members_initializer>
FNDA:1,search
FNDA:3,applyPaginate
FNDA:9,applySort
DA:1,1
DA:2,1
DA:3,1
DA:4,1
DA:5,1
DA:6,1
DA:7,1
DA:8,1
DA:9,1
DA:10,1
DA:11,1
DA:12,1
DA:13,1
DA:14,1
DA:15,26
DA:16,26
DA:17,26
DA:18,26
DA:19,26
DA:20,26
DA:21,26
DA:22,4
DA:23,4
DA:24,26
DA:25,10
DA:26,10
DA:27,26
DA:28,26
DA:29,2
DA:30,1
DA:31,2
DA:32,2
DA:33,1
DA:34,1
DA:35,1
DA:36,1
DA:37,26
DA:38,26
DA:39,2
DA:40,1
DA:41,2
DA:42,2
DA:43,1
DA:44,1
DA:45,1
DA:46,1
DA:47,26
DA:48,26
DA:49,2
DA:50,2
DA:51,2
DA:52,26
DA:53,26
DA:54,1
DA:55,1
DA:56,26
DA:57,26
DA:58,1
DA:59,1
DA:60,1
DA:61,1
DA:62,1
DA:63,1
DA:64,1
DA:65,18
DA:66,18
DA:67,18
DA:68,18
DA:69,1
DA:70,1
DA:71,1
DA:72,1
DA:73,1
DA:74,1
DA:75,1
DA:76,1
DA:77,1
DA:78,1
DA:79,1
DA:80,1
DA:81,1
DA:82,1
DA:83,1
DA:84,1
DA:85,1
DA:86,1
DA:87,18
DA:88,18
DA:89,18
DA:90,18
DA:91,18
DA:92,18
DA:93,18
DA:94,3
DA:95,3
DA:96,3
DA:97,3
DA:98,3
DA:99,3
DA:100,3
DA:101,3
DA:102,18
DA:103,18
DA:104,9
DA:105,9
DA:106,9
DA:107,9
DA:108,9
DA:109,9
DA:110,2
DA:111,2
DA:112,7
DA:113,7
DA:114,14
DA:115,14
DA:116,14
DA:117,14
DA:118,14
DA:119,1
DA:120,1
DA:121,13
DA:122,13
DA:123,13
DA:124,13
DA:125,0
DA:126,0
DA:127,0
DA:128,7
DA:129,18
LF:129
LH:126
BRDA:14,0,0,26
BRDA:21,1,0,4
BRDA:24,2,0,10
BRDA:28,3,0,2
BRDA:32,4,0,1
BRDA:29,5,0,1
BRDA:38,6,0,2
BRDA:42,7,0,1
BRDA:39,8,0,1
BRDA:48,9,0,2
BRDA:50,10,0,1
BRDA:50,11,0,1
BRDA:49,12,0,1
BRDA:53,13,0,1
BRDA:64,14,0,18
BRDA:68,15,0,1
BRDA:93,16,0,3
BRDA:103,17,0,9
BRDA:109,18,0,2
BRDA:111,19,0,7
BRDA:113,20,0,14
BRDA:115,21,0,3
BRDA:115,22,0,11
BRDA:117,23,0,3
BRDA:117,24,0,11
BRDA:118,25,0,1
BRDA:119,26,0,0
BRDA:120,27,0,13
BRDA:123,28,0,7
BRDA:123,29,0,6
BRDA:124,30,0,0
BRF:31
BRH:29
end_of_record
TN:
SF:src/infrastructure/repositories/in-memory/user-in-memory.repository.ts
FN:7,<instance_members_initializer>
FN:13,applyFilter
FN:25,getEntity
FN:29,applySort
FN:39,findByEmail
FNF:5
FNH:5
FNDA:9,<instance_members_initializer>
FNDA:2,applyFilter
FNDA:1,getEntity
FNDA:4,applySort
FNDA:2,findByEmail
DA:1,1
DA:2,1
DA:3,1
DA:4,1
DA:5,1
DA:6,1
DA:7,1
DA:8,9
DA:9,9
DA:10,9
DA:11,9
DA:12,9
DA:13,9
DA:14,2
DA:15,2
DA:16,2
DA:17,2
DA:18,1
DA:19,1
DA:20,1
DA:21,1
DA:22,3
DA:23,3
DA:24,1
DA:25,9
DA:26,1
DA:27,1
DA:28,9
DA:29,9
DA:30,4
DA:31,4
DA:32,4
DA:33,4
DA:34,4
DA:35,3
DA:36,1
DA:37,4
DA:38,9
DA:39,9
DA:40,2
DA:41,2
DA:42,2
DA:43,9
LF:43
LH:43
BRDA:7,0,0,9
BRDA:13,1,0,2
BRDA:17,2,0,1
BRDA:21,3,0,3
BRDA:25,4,0,1
BRDA:29,5,0,4
BRDA:34,6,0,3
BRDA:35,7,0,1
BRDA:39,8,0,2
BRDA:41,9,0,1
BRDA:40,10,0,5
BRF:11
BRH:11
end_of_record
TN:
SF:src/infrastructure/repositories/sequelize/model-mapper/user-model-mapper.ts
FN:6,toEntity
FN:19,toModel
FNF:2
FNH:2
FNDA:4,toEntity
FNDA:1,toModel
DA:1,1
DA:2,1
DA:3,1
DA:4,1
DA:5,1
DA:6,1
DA:7,4
DA:8,4
DA:9,4
DA:10,4
DA:11,4
DA:12,4
DA:13,4
DA:14,4
DA:15,4
DA:16,4
DA:17,4
DA:18,1
DA:19,1
DA:20,1
DA:21,1
DA:22,1
DA:23,1
DA:24,1
DA:25,1
DA:26,1
DA:27,1
DA:28,1
DA:29,1
DA:30,1
LF:30
LH:30
BRDA:6,0,0,4
BRDA:19,1,0,1
BRF:2
BRH:2
end_of_record
TN:
SF:src/infrastructure/repositories/sequelize/models/user.model.ts
FN:27,initUserModel
FNF:1
FNH:1
FNDA:1,initUserModel
DA:1,1
DA:2,1
DA:3,1
DA:4,1
DA:5,1
DA:6,1
DA:7,1
DA:8,1
DA:9,1
DA:10,1
DA:11,1
DA:12,1
DA:13,1
DA:14,1
DA:15,1
DA:16,1
DA:17,1
DA:18,1
DA:19,1
DA:20,1
DA:21,1
DA:22,1
DA:23,1
DA:24,1
DA:25,1
DA:26,1
DA:27,1
DA:28,1
DA:29,1
DA:30,1
DA:31,1
DA:32,1
DA:33,1
DA:34,1
LF:34
LH:34
BRDA:27,0,0,1
BRF:1
BRH:1
end_of_record
TN:
SF:src/infrastructure/repositories/sequelize/repositories/user-sequelize.repository.ts
FN:13,<instance_members_initializer>
FN:16,UserSequelizeRepository
FN:18,insert
FN:23,findById
FN:29,update
FN:41,delete
FN:51,bulkInsert
FN:56,findAll
FN:61,findByEmail
FN:68,search
FN:98,getEntity
FNF:11
FNH:11
FNDA:15,<instance_members_initializer>
FNDA:15,UserSequelizeRepository
FNDA:2,insert
FNDA:2,findById
FNDA:2,update
FNDA:2,delete
FNDA:1,bulkInsert
FNDA:1,findAll
FNDA:3,findByEmail
FNDA:2,search
FNDA:1,getEntity
DA:1,1
DA:2,1
DA:3,1
DA:4,1
DA:5,1
DA:6,1
DA:7,1
DA:8,1
DA:9,1
DA:10,1
DA:11,1
DA:12,1
DA:13,1
DA:14,15
DA:15,15
DA:16,15
DA:17,15
DA:18,15
DA:19,2
DA:20,2
DA:21,1
DA:22,15
DA:23,15
DA:24,2
DA:25,2
DA:26,2
DA:27,2
DA:28,15
DA:29,15
DA:30,2
DA:31,2
DA:32,2
DA:33,2
DA:34,2
DA:35,2
DA:36,2
DA:37,1
DA:38,1
DA:39,2
DA:40,15
DA:41,15
DA:42,2
DA:43,2
DA:44,2
DA:45,2
DA:46,2
DA:47,1
DA:48,1
DA:49,2
DA:50,15
DA:51,15
DA:52,1
DA:53,1
DA:54,1
DA:55,15
DA:56,15
DA:57,1
DA:58,1
DA:59,1
DA:60,15
DA:61,15
DA:62,3
DA:63,3
DA:64,3
DA:65,3
DA:66,3
DA:67,15
DA:68,15
DA:69,2
DA:70,2
DA:71,2
DA:72,1
DA:73,1
DA:74,2
DA:75,2
DA:76,2
DA:77,1
DA:78,1
DA:79,1
DA:80,1
DA:81,1
DA:82,1
DA:83,1
DA:84,2
DA:85,2
DA:86,2
DA:87,2
DA:88,2
DA:89,2
DA:90,2
DA:91,2
DA:92,2
DA:93,2
DA:94,2
DA:95,2
DA:96,2
DA:97,15
DA:98,15
DA:99,1
DA:100,1
DA:101,15
LF:101
LH:101
BRDA:13,0,0,15
BRDA:16,1,0,15
BRDA:18,2,0,2
BRDA:20,3,0,1
BRDA:23,4,0,2
BRDA:26,5,0,1
BRDA:26,6,0,1
BRDA:29,7,0,2
BRDA:36,8,0,1
BRDA:41,9,0,2
BRDA:46,10,0,1
BRDA:51,11,0,1
BRDA:52,12,0,1
BRDA:56,13,0,1
BRDA:58,14,0,1
BRDA:61,15,0,3
BRDA:65,16,0,1
BRDA:65,17,0,2
BRDA:68,18,0,2
BRDA:72,19,0,1
BRDA:72,20,0,1
BRDA:76,21,0,1
BRDA:76,22,0,1
BRDA:80,23,0,0
BRDA:83,24,0,1
BRDA:91,25,0,2
BRDA:98,26,0,1
BRF:27
BRH:26
end_of_record
TN:
SF:src/infrastructure/repositories/sequelize/schemas/user.schema.ts
FNF:0
FNH:0
DA:1,1
DA:2,1
DA:3,1
DA:4,1
DA:5,1
DA:6,1
DA:7,1
DA:8,1
DA:9,1
DA:10,1
DA:11,1
DA:12,1
DA:13,1
DA:14,1
DA:15,1
DA:16,1
DA:17,1
DA:18,1
DA:19,1
DA:20,1
DA:21,1
DA:22,1
DA:23,1
DA:24,1
DA:25,1
DA:26,1
DA:27,1
DA:28,1
DA:29,1
DA:30,1
DA:31,1
DA:32,1
DA:33,1
DA:34,1
LF:34
LH:34
BRF:0
BRH:0
end_of_record
TN:
SF:src/interfaces/_shared/config.ts
FN:16,requireEnvVar
FNF:1
FNH:1
FNDA:16,requireEnvVar
DA:1,1
DA:2,1
DA:3,1
DA:4,1
DA:5,1
DA:6,1
DA:7,1
DA:8,1
DA:9,1
DA:10,1
DA:11,1
DA:12,1
DA:13,1
DA:14,1
DA:15,1
DA:16,16
DA:17,16
DA:18,16
DA:19,2
DA:20,2
DA:21,14
DA:22,14
DA:23,1
DA:24,1
DA:25,1
DA:26,1
DA:27,1
DA:28,1
DA:29,1
DA:30,1
DA:31,2
DA:32,2
DA:33,2
DA:34,2
DA:35,2
DA:36,1
DA:37,3
DA:38,3
DA:39,3
DA:40,3
DA:41,3
DA:42,3
DA:43,3
DA:44,3
DA:45,3
DA:46,3
DA:47,1
DA:48,1
DA:49,1
DA:50,1
DA:51,1
LF:51
LH:51
BRDA:7,0,0,0
BRDA:30,1,0,2
BRDA:33,2,0,1
BRDA:36,3,0,3
BRDA:41,4,0,0
BRDA:47,5,0,1
BRDA:16,6,0,16
BRDA:18,7,0,2
BRDA:20,8,0,14
BRF:9
BRH:7
end_of_record
TN:
SF:src/interfaces/_shared/routes.ts
FNF:0
FNH:0
DA:1,1
DA:2,1
DA:3,1
DA:4,1
DA:5,1
DA:6,1
DA:7,1
DA:8,1
LF:8
LH:8
BRF:0
BRH:0
end_of_record
TN:
SF:src/interfaces/controllers/users.controller.ts
FN:15,<instance_members_initializer>
FN:16,UsersController
FN:23,create
FN:28,update
FN:38,delete
FN:44,findAll
FN:49,search
FN:58,serializeUser
FNF:8
FNH:8
FNDA:8,<instance_members_initializer>
FNDA:8,UsersController
FNDA:2,create
FNDA:1,update
FNDA:1,delete
FNDA:1,findAll
FNDA:2,search
FNDA:5,serializeUser
DA:1,1
DA:2,1
DA:3,1
DA:4,1
DA:5,1
DA:6,1
DA:7,1
DA:8,1
DA:9,1
DA:10,1
DA:11,1
DA:12,1
DA:13,1
DA:14,1
DA:15,1
DA:16,8
DA:17,8
DA:18,8
DA:19,8
DA:20,8
DA:21,8
DA:22,8
DA:23,8
DA:24,2
DA:25,1
DA:26,1
DA:27,8
DA:28,8
DA:29,1
DA:30,1
DA:31,1
DA:32,1
DA:33,1
DA:34,1
DA:35,1
DA:36,1
DA:37,8
DA:38,8
DA:39,1
DA:40,1
DA:41,1
DA:42,1
DA:43,8
DA:44,8
DA:45,1
DA:46,1
DA:47,1
DA:48,8
DA:49,8
DA:50,2
DA:51,2
DA:52,1
DA:53,1
DA:54,1
DA:55,1
DA:56,1
DA:57,8
DA:58,8
DA:59,5
DA:60,5
DA:61,8
LF:61
LH:61
BRDA:15,0,0,8
BRDA:16,1,0,8
BRDA:23,2,0,2
BRDA:24,3,0,1
BRDA:28,4,0,1
BRDA:38,5,0,1
BRDA:44,6,0,1
BRDA:49,7,0,2
BRDA:51,8,0,1
BRDA:58,9,0,5
BRF:10
BRH:10
end_of_record
TN:
SF:src/interfaces/dtos/create-user.dto.ts
FNF:0
FNH:0
DA:1,1
DA:2,1
DA:3,1
DA:4,1
LF:4
LH:4
BRF:0
BRH:0
end_of_record
TN:
SF:src/interfaces/dtos/search-users.dto.ts
FNF:0
FNH:0
DA:1,1
DA:2,1
DA:3,1
DA:4,1
LF:4
LH:4
BRF:0
BRH:0
end_of_record
TN:
SF:src/interfaces/http/errors/syntax-validation.error.ts
FN:4,SyntaxValidationError
FNF:1
FNH:1
FNDA:6,SyntaxValidationError
DA:1,1
DA:2,1
DA:3,1
DA:4,1
DA:5,6
DA:6,6
DA:7,1
LF:7
LH:7
BRDA:4,0,0,6
BRF:1
BRH:1
end_of_record
TN:
SF:src/interfaces/http/middlewares/error-handler.middleware.ts
FN:6,errorHandler
FNF:1
FNH:1
FNDA:6,errorHandler
DA:1,1
DA:2,1
DA:3,1
DA:4,1
DA:5,1
DA:6,1
DA:7,6
DA:8,6
DA:9,6
DA:10,6
DA:11,6
DA:12,6
DA:13,6
DA:14,6
DA:15,6
DA:16,6
DA:17,6
DA:18,1
DA:19,1
DA:20,1
DA:21,1
DA:22,1
DA:23,5
DA:24,6
DA:25,1
DA:26,1
DA:27,1
DA:28,1
DA:29,1
DA:30,4
DA:31,6
DA:32,1
DA:33,1
DA:34,1
DA:35,1
DA:36,1
DA:37,3
DA:38,3
DA:39,3
DA:40,3
DA:41,3
DA:42,3
LF:42
LH:42
BRDA:6,0,0,6
BRDA:17,1,0,1
BRDA:22,2,0,5
BRDA:24,3,0,1
BRDA:29,4,0,4
BRDA:31,5,0,1
BRDA:36,6,0,3
BRF:7
BRH:7
end_of_record
TN:
SF:src/interfaces/http/middlewares/validate-uuid.middleware.ts
FN:5,validateUUID
FNF:1
FNH:1
FNDA:5,validateUUID
DA:1,1
DA:2,1
DA:3,1
DA:4,1
DA:5,1
DA:6,5
DA:7,5
DA:8,5
DA:9,4
DA:10,4
DA:11,4
DA:12,4
DA:13,1
DA:14,1
DA:15,5
LF:15
LH:15
BRDA:5,0,0,5
BRDA:6,1,0,5
BRDA:8,2,0,4
BRDA:12,3,0,1
BRF:4
BRH:4
end_of_record
TN:
SF:src/interfaces/http/middlewares/validation.middleware.ts
FN:6,validateDto
FNF:1
FNH:1
FNDA:5,validateDto
DA:1,1
DA:2,1
DA:3,1
DA:4,1
DA:5,1
DA:6,1
DA:7,5
DA:8,5
DA:9,5
DA:10,3
DA:11,3
DA:12,4
DA:13,4
DA:14,4
DA:15,4
DA:16,4
DA:17,3
DA:18,3
DA:19,3
DA:20,3
DA:21,2
DA:22,2
DA:23,2
DA:24,5
LF:24
LH:24
BRDA:6,0,0,5
BRDA:7,1,0,5
BRDA:9,2,0,3
BRDA:20,3,0,2
BRDA:11,4,0,4
BRDA:12,5,0,1
BRF:6
BRH:6
end_of_record
TN:
SF:src/interfaces/presenters/users.presenter.ts
FN:5,<instance_members_initializer>
FN:13,UsersPresenter
FN:23,<instance_members_initializer>
FN:30,UsersCollectionPresenter
FNF:4
FNH:4
FNDA:5,<instance_members_initializer>
FNDA:5,UsersPresenter
FNDA:1,<instance_members_initializer>
FNDA:1,UsersCollectionPresenter
DA:1,1
DA:2,1
DA:3,1
DA:4,1
DA:5,1
DA:6,5
DA:7,5
DA:8,5
DA:9,5
DA:10,5
DA:11,5
DA:12,5
DA:13,5
DA:14,5
DA:15,5
DA:16,5
DA:17,5
DA:18,5
DA:19,5
DA:20,5
DA:21,5
DA:22,1
DA:23,1
DA:24,1
DA:25,1
DA:26,1
DA:27,1
DA:28,1
DA:29,1
DA:30,1
DA:31,1
DA:32,1
DA:33,1
DA:34,1
DA:35,1
DA:36,1
DA:37,1
LF:37
LH:37
BRDA:5,0,0,5
BRDA:13,1,0,5
BRDA:23,2,0,1
BRDA:30,3,0,1
BRF:4
BRH:4
end_of_record
TN:
SF:src/interfaces/routes/user.routes.ts
FNF:0
FNH:0
DA:1,1
DA:2,1
DA:3,1
DA:4,1
DA:5,1
DA:6,1
DA:7,1
DA:8,1
DA:9,1
DA:10,1
DA:11,1
DA:12,1
DA:13,1
DA:14,1
DA:15,1
DA:16,1
DA:17,1
DA:18,1
DA:19,1
DA:20,1
DA:21,1
DA:22,1
DA:23,1
DA:24,1
DA:25,1
DA:26,1
DA:27,1
DA:28,1
DA:29,1
DA:30,1
DA:31,1
DA:32,1
DA:33,1
DA:34,1
DA:35,1
DA:36,1
DA:37,1
DA:38,1
DA:39,1
LF:39
LH:39
BRF:0
BRH:0
end_of_record
TN:
SF:tests/utils/start-int-app.ts
FN:8,startApp
FNF:1
FNH:1
FNDA:1,startApp
DA:1,1
DA:2,1
DA:3,1
DA:4,1
DA:5,1
DA:6,1
DA:7,1
DA:8,1
DA:9,1
DA:10,1
DA:11,1
DA:12,1
DA:13,1
DA:14,1
DA:15,1
DA:16,1
DA:17,1
DA:18,1
DA:19,1
DA:20,1
DA:21,1
DA:22,1
DA:23,1
DA:24,1
DA:25,1
DA:26,1
DA:27,1
DA:28,1
DA:29,1
LF:29
LH:29
BRDA:8,0,0,1
BRDA:17,1,0,1
BRDA:21,2,0,1
BRF:3
BRH:3
end_of_record
